Arguments: 
  C:\Program Files\nodejs\node.exe C:\Users\Administrator\AppData\Roaming\npm\node_modules\yarn\bin\yarn.js

PATH: 
  .\node_modules\.bin;C:\Program Files (x86)\Microsoft Visual Studio\2017\Enterprise\Common7\IDE\CommonExtensions\Microsoft\TeamFoundation\Team Explorer\NativeBinaries\x86;C:\Windows\system32;C:\Windows;C:\Windows\System32\Wbem;C:\Windows\System32\WindowsPowerShell\v1.0\;C:\Program Files\Microsoft SQL Server\Client SDK\ODBC\130\Tools\Binn\;C:\Program Files (x86)\Microsoft SQL Server\140\Tools\Binn\;C:\Program Files\Microsoft SQL Server\140\Tools\Binn\;C:\Program Files\Microsoft SQL Server\140\DTS\Binn\;C:\Program Files (x86)\Microsoft SQL Server\140\DTS\Binn\;C:\Program Files\dotnet\;C:\Program Files\nodejs\;C:\Program Files\Git\cmd;C:\Program Files\Microsoft SQL Server\130\Tools\Binn\;C:\Program Files\PowerShell\6.1.0-preview.1\;C:\Program Files\Microsoft Office Servers\16.0\Bin\;C:\Program Files (x86)\Microsoft SQL Server\Client SDK\ODBC\130\Tools\Binn\;C:\Program Files (x86)\Microsoft SQL Server\140\Tools\Binn\ManagementStudio\;C:\Program Files\Microsoft\Web Platform Installer\;C:\Program Files\Windows Fabric\bin\Fabric\Fabric.Code.1.0;C:\Users\Administrator\AppData\Local\Microsoft\WindowsApps;C:\Program Files\Microsoft VS Code\bin;C:\Users\Administrator\AppData\Roaming\npm

Yarn version: 
  1.5.1

Node version: 
  8.10.0

Platform: 
  win32 x64

npm manifest: 
  {
    "name": "jsdeepdive",
    "version": "1.0.0",
    "description": "",
    "private": true,
    "author": "Alexander Pajer",
    "license": "ISC",
    "dependencies": {
      "jquery": "3.2.1",
      "moment": "^2.19.1",
    },
    "devDependencies": {
      "babel-core": "^6.24.1",
      "babel-loader": "^7.0.0",
      "babel-preset-es2015": "^6.24.1",
      "gulp": "^3.9.1",
      "gulp-babel": "^6.1.2",
      "gulp-cached": "1.1.0",
      "gulp-coffee": "latest",
      "gulp-concat": "latest",
      "gulp-connect": "latest",
      "gulp-cssmin": "0.1.7",
      "gulp-merge": "^0.1.1",
      "gulp-sass": "^3.1.0",
      "gulp-sequence": "^1.0.0",
      "gulp-sourcemaps": "^2.6.0",
      "gulp-uglify": "latest",
      "gulp-util": "latest",
      "node-sass": "^4.7.2",
      "webpack": "^3.8.1",
      "yarn": "^1.2.1"
    }
  }

yarn manifest: 
  No manifest

Lockfile: 
  No lockfile

Trace: 
  SyntaxError: D:\Classes\O365ClientSideDev\02 JavaScript Deep Dive\JSDeepDive\JSDeepDive\package.json: Unexpected token } in JSON at position 209
      at JSON.parse (<anonymous>)
      at C:\Users\Administrator\AppData\Roaming\npm\node_modules\yarn\lib\cli.js:1036:59
      at Generator.next (<anonymous>)
      at step (C:\Users\Administrator\AppData\Roaming\npm\node_modules\yarn\lib\cli.js:98:30)
      at C:\Users\Administrator\AppData\Roaming\npm\node_modules\yarn\lib\cli.js:109:13
      at <anonymous>
